[    0.000000] Initializing cgroup subsys cpuset
[    0.000000] Initializing cgroup subsys cpu
[    0.000000] Initializing cgroup subsys cpuacct
[    0.000000] Linux version 4.4.0-77-generic (buildd@lgw01-59) (gcc version 5.4.0 20160609 (Ubuntu 5.4.0-6ubuntu1~16.04.4) ) #98-Ubuntu SMP Wed Apr 26 08:34:02 UTC 2017 (Ubuntu 4.4.0-77.98-generic 4.4.59)
[   00.00000]]CCmmnn  iiee  OOT_IMAGE=/boot/vmlinuz-4.4.0-77-generic root=LABEL=cloudimg-rootfs ro console=tty1 console=ttyS0
[    0.000000] KERNEL supported cpu::
[    0.000000]   Intel GenuineIntel
[    0.000000]   AMD AuthenticAMD
[    0.000000]   Centaur CentaurHauls
[    0.000000] x86/fpu: xstate_offset[2]:  576, xstate_sizes[2]:  256
[    0.000000] x86/fpu: Supporting XSAVE feature 0x01: 'x87 floating point registers'
[    0.000000] x86/fpu: Supporting XSAVE feature 0x02: 'SSE registers'
[    0.000000] x86/fpu: Supporting XSAVE feature 0x04:''AVX registers'
[    0.000000] x86/fpu: Enabled xstate features 0x7, context size is 832 bytes, using 'standard' format.
[    0.000000] x86/fpu: Using 'lazy' FPU context switches.
[    0.000000] e820: BIOS-provided physical RAM map:
[    0.000000] BIOS-e820: [mem 0x0000000000000000-0x000000000009fbff] usable
[    0.000000] BIOS-e820: [mem 0x000000000009fc00-0x000000000009ffff] reserved
[    0.000000] BIOS-e820: [mem 0x00000000000f0000-0x00000000000fffff] reserved
[    0.000000] BIOS-e820: [mem 0x0000000000100000-0x00000000181effff] usable
[    0.000000] BIOS-e820: [mem 0x00000000181f0000-0x00000000181fffff] ACPI data
[    0.000000] BIOS-e820: [mem 0x00000000fffc0000-0x00000000ffffffff] reserved
[    0.000000] NX (Execute Disable) protection: active
[    0.000000] SMBIOS 2.5 present.
[    0.000000] Hypervisor detected: KVM
[    0.000000] e820: last_pfn = 0x181f0 max_arch_pfn = 0x400000000
[    0.000000] MTRR: Disabled
[    0.000000] x86/PAT: MTRRs disabled, skipping PAT initialization too.
[    0.000000] x86/PAT: Configuration [0-7]: WB  WT  UC- UC  WB  WT  UC- UC  
[    0.000000] CPU MTRRs all blank - virtualized system.
[    0.000000] found SMP MP-table at [mem 0x0009fff0-0x0009ffff] mapped at [ffff88000009fff0]
[    0.000000] Scanning 1 areas for low memory corruption
[    0.000000] RAMDISK: [mem 0x16edf000-0x17971fff]
[    0.000000] ACPI: Early table checksum verification disabled
[    0.000000] ACPI: RSDP 0x00000000000E0000 000024 (v02 VBOX  )
[    0.000000] ACPI: XSDT 0x00000000181F0030 00003C (v01 VBOX   VBOXXSDT 00000001 ASL  00000061)
[    0.000000] ACPI: FACP 0x00000000181F00F0 0000F4 (v04 VBOX   VBOXFACP 00000001 ASL  00000061)
[    0.000000] ACPI: DSDT 0x00000000181F0470 002118 (v01 VBOX   VBOXBIOS 00000002 INTL 20160108)
[    0.000000] ACPI: FACS 0x00000000181F0200 000040
[    0.000000] ACPI: FACS 0x00000000181F0200 000040
[    0.000000] ACPI: APIC 0x00000000181F0240 000054 (v02 VBOX   VBOXAPIC 00000001 ASL  00000061)
[    0.000000] ACPI: SSDT 0x00000000181F02A0 0001CC (v01 VBOX   VBOXCPUT 00000002 INTL 20160108)
[    0.000000] No NUMA configuration found
[    0.000000] Faking a node at [mem 0x0000000000000000-0x00000000181effff]
[    0.000000] NODE_DATA(0) allocated [mem 0x181eb000-0x181effff]
[    0.000000] kvm-clock: Using msrs 4b564d01 and 4b564d00
[    0.000000] kvm-clock: cpu 0, msr 0:181e3001, primary cpu clock
[    0.000000] kvm-clock: using sched offset of 2946179414 cycles
[    0.000000] clocksource: kvm-clock: mask: 0xffffffffffffffff max_cycles: 0x1cd42e4dffb, max_idle_ns: 881590591483 ns
[    0.000000] Section 2 and 3 (node 0) have a circular dependency on usemap and pgdat allocations
[    0.000000] Zone ranges:
[    0.000000]   DMA      [mem 0x0000000000001000-0x0000000000ffffff]
[    0.000000]   DMA32    [mem 0x0000000001000000-0x00000000181effff]
[    0.000000]   Normal   empty
[    0.000000]   Device   empty
[    0.000000] Movable zone start for each node
[    0.000000] Early memory node ranges
[    0.000000]   node   0: [mem 0x0000000000001000-0x000000000009efff]
[    0.000000]   node   0: [mem 0x0000000000100000-0x00000000181effff]
[    0.000000] Initmem setup node 0 [mem 0x0000000000001000-0x00000000181effff]
[    0.000000] ACPI: PM-Timer IO Port: 0x4008
[    0.000000] IOAPIC[0]: apic_id 1, version 17, address 0xfec00000, GSI 0-23
[    0.000000] ACPI: INT_SRC_OVR (bus 0 bus_irq 0 global_irq 2 dfl dfl)
[    0.000000] ACPI: INT_SRC_OVR (bus 0 bus_irq 9 global_irq 9 high level)
[    0.000000] Using ACPI (MADT) for SMP configuration information
[    0.000000] smpboot: Allowing 1 CPUs, 0 hotplug CPUs
[    0.000000] PM: Registered nosave memory: [mem 0x00000000-0x00000fff]
[    0.000000] PM: Registered nosave memory: [mem 0x0009f000-0x0009ffff]
[    0.000000] PM: Registered nosave memory: [mem 0x000a0000-0x000effff]
[    0.000000] PM: Registered nosave memory: [mem 0x000f0000-0x000fffff]
[    0.000000] e820: [mem 0x18200000-0xfffbffff] available for PCI devices
[    0.000000] Booting paravirtualized kernel on KVM
[    0.000000] clocksource: refined-jiffies: mask: 0xffffffff max_cycles: 0xffffffff, max_idle_ns: 7645519600211568 ns
[    0.000000] setup_percpu: NR_CPUS:512 nr_cpumask_bits:512 nr_cpu_ids:1 nr_node_ids:1
[    0.000000] PERCPU: Embedded 33 pages/cpu @ffff880017e00000 s98264 r8192 d28712 u2097152
[    0.000000] PV qspinlock hash table entries: 256 (order: 0, 4096 bytes)
[    0.000000] Built 1 zonelists in Node order, mobility grouping on.  Total pages: 97137
[    0.000000] Policy zone: DMA32
[    0.000000] Kernel command line: BOOT_IMAGE=/boot/vmlinuz-4.4.0-77-generic root=LABEL=cloudimg-rootfs ro console=tty1 console=ttyS0
[    0.000000] PID hash table entries: 2048 (order: 2, 16384 bytes)
[    0.000000] Memory: 356780K/394808K available (8449K kernel code, 1294K rwdata, 3980K rodata, 1484K init, 1316K bss, 38028K reserved, 0K cma-reserved)
[    0.000000] SLUB: HWalign=64, Order=0-3, MinObjects=0, CPUs=1, Nodes=1
[    0.000000] Hierarchical RCU implementation.
[    0.000000] 	Build-time adjustment of leaf fanout to 64.
[    0.000000] 	RCU restricting CPUs from NR_CPUS=512 to nr_cpu_ids=1.
[    0.000000] RCU: Adjusting geometry for rcu_fanout_leaf=64, nr_cpu_ids=1
[    0.000000] NR_IRQS:33024 nr_irqs:256 16
[    0.000000] Console: colour VGA+ 80x25
[    0.000000] console [tty1] enabled
[    0.000000] console [ttyS0] enabled
[    0.000000] tsc: Detected 2394.456 MHz processor
[    0.382699] Calibrating delay loop (skipped) preset value.. 4788.91 BogoMIPS (lpj=9577824)
[    0.384279] pid_max: default: 32768 minimum: 301
[    0.385119] ACPI: Core revision 20150930
[    0.386780] ACPI: 2 ACPI AML tables successfully acquieed and loaded
[    0.412358] Security Framework initialized
[    0.413138] Yama: becoming mindful.
[    0.413858] AppArmor: AppArmor initialized
[    0.414682] Dentry cache hash table entries: 65536 (order: 7, 524288 bytes)
[    0.415910] Inode-cache hash table entries: 32768 (order: 6, 262144 bytes)
[    0.417083] Mount-cache hash table entries: 1024 (order: 1, 8192 bytes)
[    0.418207] Mountpoint-cache hash table entries: 1024 (order: 1, 8192 bytes)
[    0.419500] Initializing cgroup subsys io
[    0.422480] Initializing cgroup subsys memory
[    0.423301] Initializing cgroup subsys devices
[    0.424123] Initializing cgroup subsys freezer
[    0.424943] Initializing cgroup subsys net_cls
[    0.425762] Initializing cgroup subsys perf_event
[    0.426631] Initializing cgroup subsys net_prio
[    0.427468] Initializing cgroup subsys hugetlb
[    0.428289] Initializing cgroup subsys pids
[    0.429147] CPU: Physical Processor ID: 0
[    0.430856] mce: CPU supports 0 MCE banks
[    0.431645] process: using mwait in idle threads
[    0.432506] Last level iTLB entries: 4KB 64, 2MB 8, 4MB 8
[    0.433448] Last level dTLB entries: 4KB 64, 2MB 0, 4MB 0, 1GB 4
[    0.452701] Freeing SMP alternatives memory: 32K (ffffffff820b8000 - ffffffff820c0000)
[    0.466978] ftrace:aallocating 32117 entries in 126 pages
[    0.527807] smpboot: APIC(0) Converting physical 0 to logical package 0
[    0.542873] smpboot: Max logical packages: 1
[    0.544834] ..TIMER: vector=0x30 apic1=0 pin1=2 apic2=-1 pin2=-1
[    0.661713] smpboot: CPU0: Intel(R) Core(TM) i7-5500U CPU @ 2.40GHz (family: 0x6, model: 0x3d, stepping: 0x4)
[    0.673668] Performance Events: unsupported p6 CPU model 61 no PMU driver, software events only.
[    0.675410] KVM setup paravirtual spinlock
[    0.680500] x86: Booted up 1 node, 1 CPUs
[    0.682478] smpboot: Total of 1 processors activated (4788.91 BogoMIPS)
[    0.689267] devtmpfs: initialized
[    0.694009] evm: security.selinux
[    0.706024] evm: security.SMACK64
[    0.706707] evm: security.SMACK64EXEC
[    0.707430] evm: security.SMACK64TRANSMUTE
[    0.722175] evm: security.SMACK64MMAP
[    0.722933] evm: security.ima
[    0.723580] evm: security.capability
[    0.724419] clocksource: jiffies: mask: 0xffffffff max_cycles: 0xffffffff, max_idle_ns: 7645041785100000 ns
[    0.727767] futex hash table entries: 256 (order: 2, 16384 bytes)
[    0.728884] pinctrl core: initialized pinctrl subsystem
[    0.732810] RTC time:  7:36:36, date: 06/06/17
[    0.735805] NET: Registered protocol family 16
[    0.739544] cpuidle: using governor ladder
[    0.742498] cpuidle: using governor menu
[    0.743266] PCCT header not found.
[    0.743997] ACPI: bus type PCI registered
[    0.744756] acpiphp: ACPI Hot Plug PCI Controller Driver version: 0.5
[    0.745955] PCI: Using configuration type 1 for base access
[    0.753721] ACPI: Added _OSI(Module Device)
[    0.762041] ACPI: Added _OSI(Processor Device)
[    0.762856] ACPI: Added _OSI(3.0 _SCP Extensions)
[    0.763715] ACPI: Added _OSI(Processor Aggregator Device)
[    0.768619] ACPI: Executed 1 blocks of module-level executable AML code
[    0.772656] ACPI: Interpreter enabled
[    0.775720] ACPI: (supports S0 S5)
[    0.776414] ACPI: Using IOAPIC for interrupt routing
[    0.777425] PCI: Using host bridge windows from ACPI; if necessary, use "pci=nocrs" and report a bug
[    0.793672] ACPI: PCI Root Bridge [PCI0] (domain 0000 [bus 00-ff])
[    0.806324] acpi PNP0A03:00: _OSC: OS supports [ASPM ClockPM Segments MSI]
[    0.812349] acpi PNP0A03:00: _OSC failed (AE_NOT_FOUND); disabling ASPM
[    0.815461] acpi PNP0A03:00: fail to add MMCONFIG information, can't access extended PCI configuration space under this bridge.
[    0.817606] PCI host bridge to bus 0000:00
[    0.822489] pci_bus 0000:00: root bus resource [io  0x0000-0x0cf7 window]
[    0.823619] pci_bus 0000:00: root bus resource [io  0x0d00-0xffff window]
[    0.824742] pci_bus 0000:00: root bus resource [mem 0x000a0000-0x000bffff window]
[    0.826151] pci_bus 0000:00: root bus resource [mem 0x18200000-0xffdfffff window]
[    0.827589] pci_bus 0000:00: root bus resource [bus 00-ff]
[    0.829689] pci 0000:00:01.1: legacy IDE quirk: reg 0x10: [io  0x01f0-0x01f7]
[    0.834856] pci 0000:00:01.1: legacy IDE quirk: reg 0x14: [io  0x03f6]
[    0.840473] pci 0000:00:01.1: legacy IDE quirk: reg 0x18: [io  0x0170-0x0177]
[    0.841643] pci 0000:00:01.1: legacy IDE quirk: reg 0x1c: [io  0x0376]
[    0.854407] ACPI: PCI Interrupt Link [LNKA] (IRQs 5 9 10 11) *0, disabled.
[    0.866089] ACPI: PCI Interrupt Link [LNKB] (IRQs 5 9 10 *11)
[    0.873106] ACPI: PCI Interrupt Link [LNKC] (IRQs 5 9 *10 11)
[    0.874467] ACPI: PCI Interrupt Link [LNKD] (IRQs 5 *9 10 11)
[    0.875863] ACPI: Enabled 2 GPEs in block 00 to 07
[    0.879887] vgaarb: setting as boot device: PCI:0000:00:02.0
[    0.882689] vgaarb: device added: PCI:0000:00:02.0,decodes=io+mem,owns=io+mem,locks=none
[    0.899040] vgaarb: loaded
[    0.902327] vgaarb: bridge control possible 0000:00:02.0
[    0.903473] SCSI subsystem initialized
[    0.907652] ACPI: bus type USB registered
[    0.911516] usbcore: registered new interface driver usbfs
[    0.912504] usbcore: registered new interface driver hub
[    0.913443] usbcore: registered new device driver usb
[    0.914486] PCI: Using ACPI for IRQ routing
[    0.921186] NetLabel: Initializing
[    0.930084] NetLabel:  domain hash size = 128
[    0.932546] NetLabel:  protocols = UNLABELED CIPSOv4
[    0.933447] NetLabel:  unlabeled traffic allowed by default
[    0.941979] amd_nb: Cannot enumerate AMD northbridges
[    0.949602] clocksource: Switched to clocksource kvm-clock
[    0.955931] AppArmor: AppArmor Filesystem Enabled
[    0.972713] pnp: PnP ACPI init
[    0.975595] pnp: PnP ACPI: found 3 devices
[    0.985984] clocksource: acpi_pm: mask: 0xffffff max_cycles: 0xffffff, max_idle_ns: 2085701024 ns
[    1.013452] NET: Registered protocol family 2
[    1.015847] TCP established hash table entries: 4096 (order: 3, 32768 bytes)
[    1.022783] TCP bind hash table entries: 4096 (order: 4, 65536 bytes)
[    1.028977] TCP: Hash tables configured (established 4096 bind 4096)
[    1.030079] UDP hash table entries: 256 (order: 1, 8192 bytes)
[    1.031088] UDP-Lite hash table entries: 256 (order: 1, 8192 bytes)
[    1.032191] NET: Registered protocol family 1
[    1.035721] pci 0000:00:00.0: Limiting direct PCI/PCI transfers
[    1.036751] pci 0000:00:01.0: Activating ISA DMA hang workarounds
[    1.037894] Unpacking initramfs...
[    2.700902] Freeing initrd memory: 10828K (ffff880016edf000 - ffff880017972000)
[    2.733248] RAPL PMU detected, API unit is 2^-32 Joules, 4 fixed counters 10737418240 ms ovfl timer
[    2.743337] hw unit of domain pp0-core 2^-0 Joules
[    2.748587] hw unit of domain package 2^-0 Joules
[    2.749453] hw unit of domain dram 2^-0 Joules
[    2.750286] hw unit of domain pp1-gpu 2^-0 Joules
[    2.751216] platform rtc_cmos: registered platform RTC device (no PNP device found)
[    2.756728] Scanning for low memory corruption every 60 seconds
[    2.757983] audit: initializing netlink subsys (disabled)
[    2.762651] audit: type=2000 audit(1496734602.610:1): initialized
[    2.769600] Initialise system trusted keyring
[    2.772574] HugeTLB registered 2 MB page size, pre-allocated 0 pages
[    2.783539] zbud: loaded
[    2.788173] VFS: Disk quotas dquot_6.6.0
[    2.791397] VFS: Dquot-cache hash table entries: 512 (order 0, 4096 bytes)
[    2.796675] squashfs: version 4.0 (2009/01/31) Phillip Lougher
[    2.799623] fuse init (API version 7.23)
[    2.822609] Key type big_key registered
[    2.829049] Allocating IMA MOK and blacklist keyrings.
[    2.832772] Key type asymmetric registered
[    2.835130] Asymmetric key parser 'x509' registered
[    2.840481] Block layer SCSI generic (bsg) driver version 0.4 loaded (major 249)
[    2.843133] io scheduler noop registered
[    2.848625] io scheduler deadline registered (default)
[    2.849565] io scheduler cfq registered
[    2.852535] pci_hotplug: PCI Hot Plug PCI Core version: 0.5
[    2.855415] pciehp: PCI Express Hot Plug Controller Driver version: 0.4
[    2.856626] ACPI: AC Adapter [AC] (on-line)
[    2.859309] input: Power Button as /devices/LNXSYSTM:00/LNXPWRBN:00/input/input0
[    2.863106] ACPI: Power Button [PWRF]
[    2.868704] input: Sleep Button as /devices/LNXSYSTM:00/LNXSLPBN:00/input/input1
[    2.871830] ACPI: Sleep Button [SLPF]
[    2.876423] ACPI: Battery Slot [BAT0] (battery present)
[    2.879594] GHES: HEST is not enabled!
[    2.882496] Serial: 8250/16550 driver, 32 ports, IRQ sharing enabled
[    2.910965] 00:02: ttyS0 at I/O 0x3f8 (irq = 4, base_baud = 115200) is a 16550A
[    2.924005] Linux agpgart interface v0.103
[    2.928633] loop: module loaded
[    2.931339] scsi host0: ata_piix
[    2.935764] scsi host1: ata_piix
[    2.939944] ata1: PATA max UDMA/33 cmd 0x1f0 ctl 0x3f6 bmdma 0xd000 irq 14
[    2.962354] ata2: PATA max UDMA/33 cmd 0x170 ctl 0x376 bmdma 0xd008 irq 15
[    2.969033] libphy: Fixed MDIO Bus: probed
[    2.972656] tun: Universal TUN/TAP device driver, 1.6
[    2.973564] tun: (C) 1999-2004 Max Krasnyansky <maxk@qualcomm.com>
[    2.974667] PPP generic driver version 2.4.2
[    2.981143] ehci_hcd: USB 2.0 'Enhanced' Host Controller (EHCI) Driver
[    2.992884] ehci-pci: EHCI PCI platform driver
[    2.993737] ehci-platform: EHCI generic platform driver
[    2.994696] ohci_hcd: USB 1.1 'Open' Host Controller (OHCI) Driver
[    3.001345] ohci-pci: OHCI PCI platform driver
[    3.012136] ohci-platform: OHCI generic platform driver
[    3.022629] uhci_hcd: USB Universal Host Controller Interface driver
[    3.023755] i8042: PNP: PS/2 Controller [PNP0303:PS2K,PNP0f03:PS2M] at 0x60,0x64 irq 1,12
[    3.029199] serio: i8042 KBD port at 0x60,0x64 irq 1
[    3.031767] serio: i8042 AUX port at 0x60,0x64 irq 12
[    3.032754] mousedev: PS/2 mouse device common for all mice
[    3.042330] input: AT Translated Set 2 keyboard as /devices/platform/i8042/serio0/input/input2
[    3.049755] rtc_cmos rtc_cmos: rtc core: registered rtc_cmos as rtc0
[    3.052822] rtc_cmos rtc_cmos: alarms up to one day, 114 bytes nvram
[    3.053937] i2c /dev entries driver
[    3.062763] device-mapper: uevent: version 1.0.3
[    3.069118] device-mapper: ioctl: 4.34.0-ioctl (2015-10-28) initialised: dm-devel@redhat.com
[    3.073252] ledtrig-cpu: registered to indicate activity on CPUs
[    3.074522] NET: Registered protocol family 10
[    3.081400] NET: Registered protocol family 17
[    3.092622] Key type dns_resolver registered
[    3.132397] microcode: CPU0 sig=0x306d4, pf=0x40, revision=0x0
[    3.152838] microcode: Microcode Update Driver: v2.01 <tigran@aivazian.fsnet.co.uk>, Peter Oruba
[    3.156066] registered taskstats version 1
[    3.159784] Loading compiled-in X.509 certificates
[    3.161255] Loaded X.509 cert 'Build time autogenerated kernel key: 60562572960efd370424d983abb028749c4780ed'
[    3.173481] zswap: loaded using pool lzo/zbud
[    3.183648] Key type trusted registered
[    3.204521] Key type encrypted registered
[    3.252475] AppArmor: AppArmor sha1 policy hashing enabled
[    3.253418] ima: No TPM chip found, activating TPM-bypass!
[    3.254426] evm: HMAC attrs: 0x1
[    3.261382]   Magic number: 5:770:621
[    3.272517] rtc_cmos rtc_cmos: setting system clock to 2017-06-06 07:36:39 UTC (1496734599)
[    3.276143] BIOS EDD facility v0.16 2004-Jun-25, 0 devices found
[    3.279938] EDD information not available.
[    3.281836] Freeing unused kernel memory: 1484K (ffffffff81f45000 - ffffffff820b8000)
[    3.290528] Write protecting the kernel read-only data: 14336k
[    3.291980] Freeing unused kernel memory: 1780K (ffff880001843000 - ffff880001a00000)
[    3.296681] Freeing unused kernel memory: 116K (ffff880001de3000 - ffff880001e00000)
Loading, please [    3.308456] random: udevadm: uninitialized urandom read (16 bytes read, 3 bits of entropy available)
wait...
starting version 229
[    3.353706] random: systemd-udevd: uninitialized urandom read (16 bytes read, 3 bits of entropy available)
[    3.363482] random: systemd-udevd: uninitialized urandom read (16 bytes read, 3 bits of entropy available)
[    3.369222] random: systemd-udevd: uninitialized urandom read (16 bytes read, 3 bits of entropy available)
[    3.383420] random: systemd-udevd: uninitialized urandom read (16 bytes read, 3 bits of entropy available)
[    3.394139] random: udevadm: uninitialized urandom read (16 bytes read, 3 bits of entropy available)
[    3.403452] random: udevadm: uninitialized urandom read (16 bytes read, 3 bits of entropy available)
[    3.409271] random: udevadm: uninitialized urandom read (16 bytes read, 3 bits of entropy available)
[    3.423400] random: udevadm: uninitialized urandom read (16 bytes read, 3 bits of entropy available)
[    3.493388] random: udevadm: uninitialized urandom read (16 bytes read, 3 bits of entropy available)
[    3.543802] e1000: Intel(R) PRO/1000 Network Driver - version 7.3.21-k8-NAPI
[    3.563116] e1000: Copyright (c) 1999-2006 Intel Corporation.
[    3.576536] Fusion MPT base driver 3.04.20
[    3.612455] Copyright (c) 1999-2008 LSI Corporation
[    3.645329] AVX version of gcm_enc/dec engaged.
[    3.672543] AES CTR mode by8 optimization enabled
[    3.693844] Fusion MPT SPI Host driver 3.04.20
[    3.754268] tsc: Refined TSC clocksource calibration: 2394.746 MHz
[    3.782739] clocksource: tsc: mask: 0xffffffffffffffff max_cycles: 0x2284d437184, max_idle_ns: 440795309123 ns
[    3.825286] input: ImExPS/2 Generic Explorer Mouse as /devices/platform/i8042/serio1/input/input4
[    4.100705] e1000 0000:00:03.0 eth0: (PCI:33MHz:32-bit) 02:59:88:db:12:16
[    4.122835] e1000 0000:00:03.0 eth0: Intel(R) PRO/1000 Network Connection
[    4.129724] mptbase: ioc0: Initiating bringup
[    4.193907] ioc0: LSI53C1030 A0: Capabilities={Initiator}
[    4.631034] scsi host2: ioc0: LSI53C1030 A0, FwRev=00000000h, Ports=1, MaxQ=256, IRQ=20
[    4.763131] scsi 2:0:0:0: Direct-Access     VBOX     HARDDISK         1.0  PQ: 0 ANSI: 5
[    4.773214] scsi target2:0:0: Beginning Domain Validation
[    4.783499] scsi target2:0:0: Domain Validation skipping write tests
[    4.812749] scsi target2:0:0: Ending Domain Validation
[    4.821601] scsi target2:0:0: asynchronous
[    4.882939] scsi 2:0:1:0: Direct-Access     VBOX     HARDDISK         1.0  PQ: 0 ANSI: 5
[    4.900989] scsi target2:0:1: Beginning Domain Validation
[    5.005106] scsi target2:0:1: Domain Validation skipping write tests
[    5.022727] scsi target2:0:1: Ending Domain Validation
[    5.060699] scsi target2:0:1: asynchronous
[    5.171407] sd 2:0:0:0: Attached scsi generic sg0 type 0
[    5.522123] sd 2:0:0:0: [sda] 20971520 512-byte logical blocks: (10.7 GB/10.0 GiB)
[    5.533942] sd 2:0:0:0: [sda] Write Protect is off
[    5.535131] sd 2:0:0:0: [sda] Incomplete mode parameter data
[    5.536335] sd 2:0:0:0: [sda] Assuming drive cache: write through
[    5.537980] sd 2:0:1:0: [sdb] 20480 512-byte logical blocks: (10.5 MB/10.0 MiB)
[    5.593072] sd 2:0:1:0: Attached scsi generic sg1 type 0
[    5.984539] e1000 0000:00:08.0 eth1: (PCI:33MHz:32-bit) 08:00:27:03:a5:ff
[    6.162515] e1000 0000:00:08.0 eth1: Intel(R) PRO/1000 Network Connection
[    6.622387]  sda: sda1
[    6.630749] sd 2:0:1:0: [sdb] Write Protect is off
[    6.642963] sd 2:0:1:0: [sdb] Incomplete mode parameter data
[    6.662539] sd 2:0:1:0: [sdb] Assuming drive cache: write through
[    7.212367] sd 2:0:0:0: [sda] Attached SCSI disk
[    7.652051] floppy0: no floppy controllers found
[    7.983555] e1000 0000:00:08.0 enp0s8: renamed from eth1
[    8.163022] sd 2:0:1:0: [sdb] Attached SCSI disk
[    8.167964] e1000 0000:00:03.0 enp0s3: renamed from eth0
Begin: Loading e[    9.471668] md: linear personality registered for level -1
ssential drivers ... [    9.495372] md: multipath personality registered for level -4
[    9.525029] md: raid0 personality registered for level 0
[    9.545375] md: raid1 personality registered for level 1
[    9.641871] raid6: sse2x1   gen() 10160 MB/s
[    9.741620] raid6: sse2x1   xor()  7643 MB/s
[    9.911614] raid6: sse2x2   gen() 12464 MB/s
[   10.011604] raid6: sse2x2   xor()  8487 MB/s
[   10.101610] raid6: sse2x4   gen() 14706 MB/s
[   10.191637] raid6: sse2x4   xor()  9715 MB/s
[   10.212369] raid6: using algorithm sse2x4 gen() 14706 MB/s
[   10.213308] raid6: .... xor() 9715 MB/s, rmw enabled
[   10.214197] raid6: using ssse3x2 recovery algorithm
[   10.216819] xor: automatically using best checksumming function:
[   10.321626]    avx       : 47027.000 MB/sec
[   10.344107] async_tx: api initialized (async)
[   10.372672] md: raid6 personality registered for level 6
[   10.392561] md: raid5 personality registered for level 5
[   10.393484] md: raid4 personality registered for level 4
[   10.399526] md: raid10 personality registered for level 10
done.
Begin: Running /scripts/init-premount ... done.
Begin: Mounting root file sys[   10.460702] Btrfs loaded
tem ... Begin: Running /scripts/local-top ... done.
Begin: Running /scripts/local-premount ... [   10.690313] EXT4-fs (sda1): mounted filesystem with ordered data mode. Opts: (null)
Scanning for Btrfs filesystems
done.
Warning: fsck not present, so skipping root file system
done.
Begin: Running /scripts/local-bottom ... done.
Begin: Running /scripts/init-bottom ... done.
[   10.948443] systemd[1]: systemd 229 running in system mode. (+PAM +AUDIT +SELINUX +IMA +APPARMOR +SMACK +SYSVINIT +UTMP +LIBCRYPTSETUP +GCRYPT +GNUTLS +ACL +XZ -LZ4 +SECCOMP +BLKID +ELFUTILS +KMOD -IDN)
[   11.202788] systemd[1]: Detected virtualization oracle.
[   11.652051] systemd[1]: Detected architecture x86-64.

Welcome to [1mUbuntu 16.04.2 LTS[0m!

[   11.818009] systemd[1]: Set hostname to <ubuntu>.
[   11.854139] systemd[1]: Initializing machine ID from random generator.
[   11.982585] systemd[1]: Installed transient /etc/machine-id file.
[   12.099521] systemd[1]: Listening on Journal Socket.
[[0;32m  OK  [0m] Listening on Journal Socket.
[   12.378526] systemd[1]: Listening on udev Kernel Socket.
[[0;32m  OK  [0m] Listening on udev Kernel Socket.
[   12.405184] systemd[1]: Created slice User and Session Slice.
[[0;32m  OK  [0m] Created slice User and Session Slice.
[   12.407924] systemd[1]: Listening on Syslog Socket.
[[0;32m  OK  [0m] Listening on Syslog Socket.
[   12.410377] systemd[1]: Listening on /dev/initctl Compatibility Named Pipe.
[[0;32m  OK  [0m] Listening on /dev/initctl Compatibility Named Pipe.
[   12.465242] systemd[1]: Set up automount Arbitrary Executable File Formats File System Automount Point.
[[0;32m  OK  [0m] Set up automount Arbitrary Executab...ats File System Automount Point.
[   12.475658] systemd[1]: Listening on LVM2 poll daemon socket.
[[0;32m  OK  [0m] Listening on LVM2 poll daemon socket.
[   12.481381] systemd[1]: Listening on LVM2 metadata daemon socket.
[[0;32m  OK  [0m] Listening on LVM2 metadata daemon socket.
[   12.494674] systemd[1]: Started Forward Password Requests to Wall Directory Watch.
[[0;32m  OK  [0m] Started Forward Password Requests to Wall Directory Watch.
[   12.504079] systemd[1]: Listening on udev Control Socket.
[[0;32m  OK  [0m] Listening on udev Control Socket.
[   12.510094] systemd[1]: Reached target Swap.
[[0;32m  OK  [0m] Reached target Swap.
[   12.513284] systemd[1]: Listening on Device-mapper event daemon FIFOs.
[[0;32m  OK  [0m] Listening on Device-mapper event daemon FIFOs.
[   12.525299] systemd[1]: Listening on Journal Audit Socket.
[[0;32m  OK  [0m] Listening on Journal Audit Socket.
[   12.534793] systemd[1]: Created slice System Slice.
[[0;32m  OK  [0m] Created slice System Slice.
[   12.549978] systemd[1]: Created slice system-serial\x2dgetty.slice.
[[0;32m  OK  [0m] Created slice system-serial\x2dgetty.slice.
[   12.559143] systemd[1]: Mounting Huge Pages File System...
         Mounting Huge Pa[   12.565880] random: nonblocking pool is initialized
ges File System...
[   12.582441] systemd[1]: Starting Set console keymap...
         Starting Set console keymap...
[   12.602335] systemd[1]: Starting Create list of required static device nodes for the current kernel...
         Starting Create list of required st... nodes for the current kernel...
[   12.635034] systemd[1]: Starting Nameserver information manager...
         Starting Nameserver information manager...
[   12.682530] systemd[1]: Starting Load Kernel Modules...
         [   12.992221] Loading iSCSI transport class v2.0-870.
Starting Load Kernel Modules...
[   13.027745] systemd[1]: Mounting POSIX Message Queue File System...
[   13.066607] iscsi: registered transport (tcp)
         Mounting POSIX M[   13.455752] iscsi: registered transport (iser)
essage Queue File System...
[   13.467260] systemd[1]: Starting Remount Root and Kernel File Systems...
         [   13.495628] EXT4-fs (sda1): re-mounted. Opts: (null)
Starting Remount Root and Kernel File Systems...
[   13.802476] systemd[1]: Mounting Debug File System...
         Mounting Debug File System...
[   14.109160] systemd[1]: Starting Uncomplicated firewall...
         Starting Uncomplicated firewall...
[   14.137876] systemd[1]: Reached target Slices.
[[0;32m  OK  [0m] Reached target Slices.
[   14.174057] systemd[1]: Starting Monitoring of LVM2 mirrors, snapshots etc. using dmeventd or progress polling...
         Starting Monitoring of LVM2 mirrors... dmeventd or progress polling...
[   14.177584] systemd[1]: Reached target Encrypted Volumes.
[[0;32m  OK  [0m] Reached target Encrypted Volumes.
[   14.217874] systemd[1]: Listening on Journal Socket (/dev/log).
[[0;32m  OK  [0m] Listening on Journal Socket (/dev/log).
[   14.258731] systemd[1]: Starting Journal Service...
         Starting Journal Service...
[   14.577924] systemd[1]: Reached target User and Group Name Lookups.
[[0;32m  OK  [0m] Reached target User and Group Name Lookups.
[   14.680327] systemd[1]: Started Trigger resolvconf update for networkd DNS.
[[0;32m  OK  [0m] Started Trigger resolvconf update for networkd DNS.
[   14.685060] systemd[1]: Mounted Huge Pages File System.
[[0;32m  OK  [0m] Mounted Huge Pages File System.
[   14.695779] systemd[1]: Mounted POSIX Message Queue File System.
[[0;32m  OK  [0m] Mounted POSIX Message Queue File System.
[   14.701514] systemd[1]: Mounted Debug File System.
[[0;32m  OK  [0m] Mounted Debug File System.
[   14.715544] systemd[1]: Started Journal Service.
[[0;32m  OK  [0m] Started Journal Service.
[[0;32m  OK  [0m] Started Set console keymap.
[[0;32m  OK  [0m] Started Create list of required sta...ce nodes for the current kernel.
[[0;32m  OK  [0m] Started Load Kernel Modules.
[[0;32m  OK  [0m] Started Remount Root and Kernel File Systems.
[[0;32m  OK  [0m] Started Uncomplicated firewall.
[[0;32m  OK  [0m] Started Nameserver information manager.
[[0;32m  OK  [0m] Started LVM2 metadata daemon.
         Starting Load/Save Random Seed...
         Starting udev Coldplug all Devices...
         Starting Initial cloud-init job (pre-networking)...
         Mounting FUSE Control File System...
         Starting Apply Kernel Variables...
         Starting Create Static Device Nodes in /dev...
         Starting Flush Journal to Persistent Storage...
[[0;32m  OK  [0m] Mounted FUSE Control File System.
[[0;32m  OK  [0m] Started Load/Save Random Seed.
[[0;32m  OK  [0m] Started Monitoring of LVM2 mirrors,...ng dmeventd or progress polling.
[[0;32m  OK  [0m] Started Apply Kernel Variables.
[[0;32m  OK  [0m] Started Create Static Device Nodes in /dev.
[[0;32m  OK  [0m] Started udev Coldplug all Devices.
         Starting udev Kernel Device Manager...
[[0;32m  OK  [0m] Started Flush Journal to Persistent Storage.
[[0;32m  OK  [0m] Started udev Kernel Device Manager.
[[0;32m  OK  [0m] Started Dispatch Password Requests to Console Directory Watch.
[[0;32m  OK  [0m] Reached target Local File Systems (Pre).
[[0;32m  OK  [0m] Reached target Local File Systems.
         Starting LSB: AppArmor initialization...
         Starting Tell Plymouth To Write Out Runtime Data...
         Starting Set console font and keymap...
         Starting Commit a transient machine-id on disk...
         Starting Create Volatile Files and Directories...
[[0;32m  OK  [0m] Started Tell Plymouth To Write Out Runtime Data.
[[0;32m  OK  [0m] Started Commit a transient machine-id on disk.
[[0;32m  OK  [0m] Started Create Volatile Files and Directories.
[[0;32m  OK  [0m] Found device /dev/ttyS0.
[[0;32m  OK  [0m] Listening on Load/Save RF Kill Switch Status /dev/rfkill Watch.
         Starting Update UTMP about System Boot/Shutdown...
[[0;32m  OK  [0m] Reached target System Time Synchronized.
[[0;32m  OK  [0m] Started Set console font and keymap.
[[0;32m  OK  [0m] Started Initial cloud-init job (pre-networking).
[   15.689895] cloud-init[455]: Cloud-init v. 0.7.9 running 'init-local' at Tue, 06 Jun 2017 07:36:52 +0000. Up 15.16 seconds.
[[0;32m  OK  [0m] Reached target Network (Pre).
[[0;32m  OK  [0m] Created slice system-getty.slice.
[[0;32m  OK  [0m] Started Update UTMP about System Boot/Shutdown.
[[0;32m  OK  [0m] Started LSB: AppArmor initialization.
         Starting Raise network interfaces...
[[0;32m  OK  [0m] Started Raise network interfaces.
[[0;32m  OK  [0m] Reached target Network.
         Starting Initial cloud-init job (metadata service crawler)...
[   18.800076] cloud-init[941]: Cloud-init v. 0.7.9 running 'init' at Tue, 06 Jun 2017 07:36:55 +0000. Up 18.32 seconds.
[   18.916428] cloud-init[941]: ci-info: ++++++++++++++++++++++++++++++++++++++Net device info++++++++++++++++++++++++++++++++++++++
[[0;32m  OK  [0m] Started Initial cloud-init job (metadata service crawler).
[[0;32m  OK  [0m] Reached target Network is Online.
[   19.002538] cloud-init[941]: ci-info: +--------+-------+----------------------------+---------------+-------+-------------------+
[   19.157806] cloud-init[941]: ci-info: | Device |   Up  |          Address           |      Mask     | Scope |     Hw-Address    |
[   19.160678] cloud-init[941]: ci-info: +--------+-------+----------------------------+---------------+-------+-------------------+
         Starting iSCSI initiator daemon (iscsid)...
[[0;32m  OK  [0m] Reached target Cloud-config availability.
[   19.166363] cloud-init[941]: ci-info: | enp0s3 |  True |         10.0.2.15          | 255.255.255.0 |   .   | 02:59:88:db:12:16 |
[[0;32m  OK  [0m] Reached target System Initialization.
[   19.177169] cloud-init[941]: ci-info: | enp0s3 |  True | fe80::59:88ff:fedb:1216/64 |       .       |  link | 02:59:88:db:12:16 |
[   19.189003] cloud-init[941]: ci-info: | enp0s8 | False |             .              |       .       |   .   | 08:00:27:03:a5:ff |
[[0;32m  OK  [0m] Started Daily apt activities.
[   19.194031] cloud-init[941]: ci-info: |   lo   |  True |         127.0.0.1          |   255.0.0.0   |   .   |         .         |
[   19.199585] cloud-init[941]: ci-info: |   lo   |  True |          ::1/128           |       .       |  host |         .         |
[[0;32m  OK  [0m] Started ACPI Events Check.
[[0;32m  OK  [0m] Reached target Paths.
[   19.205232] cloud-init[941]: ci-info: +--------+-------+----------------------------+---------------+-------+-------------------+
[   19.252606] cloud-init[941]: ci-info: +++++++++++++++++++++++++++Route IPv4 info++++++++++++++++++++++++++++
         Starting Socket activation for snappy daemon.
[[0;32m  OK  [0m] Listening on UUID daemon activation socket.
[   19.257195] cloud-init[941]: ci-info: +-------+-------------+----------+---------------+-----------+-------+
[   19.260316] cloud-init[941]: ci-info: | Route | Destination | Gateway  |    Genmask    | Interface | Flags |
[   19.260349] cloud-init[941]: ci-info: +-------+-------------+----------+---------------+-----------+-------+
[   19.260383] cloud-init[941]: ci-info: |   0   |   0.0.0.0   | 10.0.2.2 |    0.0.0.0    |   enp0s3  |   UG  |
[   19.260409] cloud-init[941]: ci-info: |   1   |   10.0.2.0  | 0.0.0.0  | 255.255.255.0 |   enp0s3  |   U   |
[   19.260435] cloud-init[941]: ci-info: +-------+-------------+----------+---------------+-----------+-------+
[   19.260607] cloud-init[941]: Generating public/private rsa key pair.
[   19.260639] cloud-init[941]: Your identification has been saved in /etc/ssh/ssh_host_rsa_key.
[   19.260666] cloud-init[941]: Your public key has been saved in /etc/ssh/ssh_host_rsa_key.pub.
[   19.260694] cloud-init[941]: The key fingerprint is:
[   19.260721] cloud-init[941]: SHA256:xKP8sJyJNpGEfsn1Q23YL4KKovswCjvU2NwfQs0NQDg root@ubuntu-xenial
[   19.260747] cloud-init[941]: The key's randomart image is:
[   19.260774] cloud-init[941]: +---[RSA 2048]----+
[   19.260800] cloud-init[941]: |    oo.          |
[   19.260827] cloud-init[941]: |   E   o +       |
[   19.260852] cloud-init[941]: |  . o + O +      |
[   19.260878] cloud-init[941]: | . o * O + .     |
[   19.260905] cloud-init[941]: |  * O = S . .    |
[   19.260934] cloud-init[941]: | o * B B o .     |
[   19.260960] cloud-init[941]: |* . = B o        |
[   19.260999] cloud-init[941]: |== . . .         |
[   19.261026] cloud-init[941]: |=+.              |
[   19.261053] cloud-init[941]: +----[SHA256]-----+
[   19.261078] cloud-init[941]: Generating public/private dsa key pair.
[   19.261103] cloud-init[941]: Your identification has been saved in /etc/ssh/ssh_host_dsa_key.
[   19.261129] cloud-init[941]: Your public key has been saved in /etc/ssh/ssh_host_dsa_key.pub.
[   19.261156] cloud-init[941]: The key fingerprint is:
[   19.261182] cloud-init[941]: SHA256:P6+BGRcsBVeKzk60FjLZ0eHYJnENHrVJ7zD0IWGGviQ root@ubuntu-xenial
[   19.261211] cloud-init[941]: The key's randomart image is:
[   19.261238] cloud-init[941]: +---[DSA 1024]----+
[   19.261266] cloud-init[941]: |        +oBBX..  |
[   19.261291] cloud-init[941]: |       o &oB.* . |
[   19.261316] cloud-init[941]: |      + O.O = o  |
[   19.261342] cloud-init[941]: |       *E*o. +   |
[   19.261367] cloud-init[941]: |        So..  .  |
[   19.261392] cloud-init[941]: |       + *.      |
[   19.261417] cloud-init[941]: |        + +      |
[   19.261442] cloud-init[941]: |           +     |
[   19.261470] cloud-init[941]: |          ...    |
[   19.261495] cloud-init[941]: +----[SHA256]-----+
[   19.261521] cloud-init[941]: Generating public/private ecdsa key pair.
[   19.261547] cloud-init[941]: Your identification has been saved in /etc/ssh/ssh_host_ecdsa_key.
[   19.261573] cloud-init[941]: Your public key has been saved in /etc/ssh/ssh_host_ecdsa_key.pub.
[   19.261599] cloud-init[941]: The key fingerprint is:
[   19.261625] cloud-init[941]: SHA256:MjullMmmPR6RScgityIbp+O4Ct+NZ9wQhdM99wnep+E root@ubuntu-xenial
[   19.261650] cloud-init[941]: The key's randomart image is:
[   19.261676] cloud-init[941]: +---[ECDSA 256]---+
[   19.261701] cloud-init[941]: |       o .       |
[   19.261727] cloud-init[941]: |   . .o o o o    |
[   19.261752] cloud-init[941]: |. o o .o   + + . |
[   19.261779] cloud-init[941]: | o o o.=    . = .|
[   19.261805] cloud-init[941]: |+ o   %.S    . + |
[   19.261830] cloud-init[941]: |.*   =.B      E  |
[   19.261855] cloud-init[941]: |=   ..Bo         |
[   19.261880] cloud-init[941]: |+o . +++.        |
[   19.261906] cloud-init[941]: |=o. ooo          |
[   19.261933] cloud-init[941]: +----[SHA256]-----+
[   19.261957] cloud-init[941]: Generating public/private ed25519 key pair.
[   19.261982] cloud-init[941]: Your identification has been saved in /etc/ssh/ssh_host_ed25519_key.
[   19.262009] cloud-init         Starting LXD - unix socket.
[[0;32m  OK  [0m] Started Timer to automatically refresh installed snaps.
[[0;32m  OK  [0m] Listening on D-Bus System Message Bus Socket.
[[0;32m  OK  [0m] Listening on ACPID Listen Socket.
[[0;32m  OK  [0m] Started Daily Cleanup of Temporary Directories.
[[0;32m  OK  [0m] Reached target Timers.
[[0;32m  OK  [0m] Listening on Socket activation for snappy daemon.
[[0;32m  OK  [0m] Listening on LXD - unix socket.
[941]: Your public key has been saved in /etc/ssh/ssh_host_ed25519_key.pub.
[   19.420377] cloud-init[941]: The key fingerprint is:
[[0;32m  OK  [0m] Started iSCSI initiator daemon (iscsid).
[   19.429899] cloud-init[941]: SHA256:lk/gbR9X8SjmpTwr7UHlp8epX+7cfVmMO1bKxM73QZ0 root@ubuntu-xenial
[   19.499988] cloud-init[941]: The key's randomart image is:
         Starting Login to default iSCSI targets...
[[0;32m  OK  [0m] Reached target Sockets.
[   19.533806] [[0;32m  OK  [0m] Reached target Basic System.
         Starting Apply the settings specified in cloud-config...
         Starting Accounts Service...
cloud-init[941]: +--[ED25519 256]--+
[[0;32m  OK  [0m] Started Regular background program processing daemon.
         Starting Login Service...
         Starting LSB: MD monitoring daemon...
         Starting /etc/rc.local Compatibility...
[[0;32m  OK  [0m] Started Unattended Upgrades Shutdown.
[   19.894071] [[0;32m  OK  [0m] Started ACPI event daemon.
cloud-init[941]: |               . |
         Starting Pollinate to seed the pseudo random number generator...
         Starting LSB: Record successful boot for GRUB...
         Starting System Logging Service...
[[0;32m  OK  [0m] Started Snappy daemon.
[[0;32m  OK  [0m] Started FUSE filesystem for LXC.
[[0;32m  OK  [0m] Started D-Bus System Message Bus.
[   20.619600] cloud-init[941]: |               .o|
[[0;32m  OK  [0m] Started Deferred execution scheduler.
         Starting LXD - container startup/shutdown...
         Starting Auto import assertions from block devices...
[[0;32m  OK  [0m] Started System Logging Service.
[[0;32m  OK  [0m] Started /etc/rc.local Compatibility.
[[0;32m  OK  [0m] Started Auto import assertions from block devices.
[   20.777728] cloud-init[941]: |        .   o + o|
[   20.897270] cloud-init[941]: |       . + + * .o|
[[0;32m  OK  [0m] Started Login to default iSCSI targets.
[[0;32m  OK  [0m] Started LSB: MD monitoring daemon.
[[0;32m  OK  [0m] Started Pollinate to seed the pseudo random number generator.
[[0;32m  OK  [0m] Started LXD - container startup/shutdown.
[   20.937994] cloud-init[941]: |        S + B.oEo|
[   21.014240] cloud-init[941]: |       . + + ==+=|
[   21.028414] cloud-init[941]: |          o ==.**|
[   21.034931] cloud-init[941]: |           o .X=B|
[   21.037305] cloud-init[941]: |            .o.=X|
[[0;32m  OK  [0m] Started LSB: Record successful boot for GRUB.
[   21.043064] cloud-init[941]: +----[SHA256]-----+
[   21.075601] cloud-init[1044]: Generating locales (this might take a while)...
[   21.091522] cloud-init[1044]:   en_US.UTF-8... done
[   21.097192] cloud-init[1044]: Generation complete.
[[0;32m  OK  [0m] Started Login Service.
         Starting Authenticate and Authorize Users to Run Privileged Tasks...
[[0;32m  OK  [0m] Stopped OpenBSD Secure Shell server.
         Starting OpenBSD Secure Shell server...
[[0;32m  OK  [0m] Reached target Remote File Systems (Pre).
[[0;32m  OK  [0m] Reached target Remote File Systems.
         Starting LSB: VirtualBox Linux Additions...
         Starting LSB: daemon to balance interrupts for SMP systems...
         Starting LSB: Set the CPU Frequency Scaling governor to "ondemand"...
         Starting LSB: automatic crash report generation...
         Starting Permit User Sessions...
[[0;32m  OK  [0m] Started OpenBSD Secure Shell server.
[[0;32m  OK  [0m] Started Permit User Sessions.
[[0;32m  OK  [0m] Started Authenticate and Authorize Users to Run Privileged Tasks.
[[0;32m  OK  [0m] Started Accounts Service.
         Starting Terminate Plymouth Boot Screen...
         Starting Hold until boot process finishes up...
[[0;32m  OK  [0m] Started LSB: VirtualBox Linux Additions.
[[0;32m  OK  [0m] Started LSB: daemon to balance interrupts for SMP systems.
[[0;32m  OK  [0m] Started LSB: Set the CPU Frequency Scaling governor to "ondemand".
[[0;32m  OK  [0m] Started LSB: automatic crash report generation.
[[0;32m  OK  [0m] Started Apply the settings specified in cloud-config.
[   21.715887] cloud-init[1044]: Cloud-init v. 0.7.9 running 'modules:config' at Tue, 06 Jun 2017 07:36:56 +0000. Up 19.80 seconds.
[[0;32m  OK  [0m] Started Terminate Plymouth Boot Screen.
[[0;32m  OK  [0m] Started Hold until boot process finishes up.
[[0;32m  OK  [0m] Started Getty on tty1.
         Starting Set console scheme...
[[0;32m  OK  [0m] Started Serial Getty on ttyS0.
[[0;32m  OK  [0m] Reached target Login Prompts.
[[0;32m  OK  [0m] Reached target Multi-User System.
         Starting Execute cloud user/final scripts...
[[0;32m  OK  [0m] Reached target Graphical Interface.
         Starting Update UTMP about System Runlevel Changes...
[[0;32m  OK  [0m] Started Set console scheme.
[[0;32m  OK  [0m] Started Update UTMP about System Runlevel Changes.
ci-info: no authorized ssh keys fingerprints found for user ubuntu.
<14>Jun  6 07:36:59 ec2: 
<14>Jun  6 07:36:59 ec2: #############################################################
<14>Jun  6 07:36:59 ec2: -----BEGIN SSH HOST KEY FINGERPRINTS-----
<14>Jun  6 07:36:59 ec2: 1024 SHA256:P6+BGRcsBVeKzk60FjLZ0eHYJnENHrVJ7zD0IWGGviQ root@ubuntu-xenial (DSA)
<14>Jun  6 07:36:59 ec2: 256 SHA256:MjullMmmPR6RScgityIbp+O4Ct+NZ9wQhdM99wnep+E root@ubuntu-xenial (ECDSA)
<14>Jun  6 07:36:59 ec2: 256 SHA256:lk/gbR9X8SjmpTwr7UHlp8epX+7cfVmMO1bKxM73QZ0 root@ubuntu-xenial (ED25519)
<14>Jun  6 07:36:59 ec2: 2048 SHA256:xKP8sJyJNpGEfsn1Q23YL4KKovswCjvU2NwfQs0NQDg root@ubuntu-xenial (RSA)
<14>Jun  6 07:36:59 ec2: -----END SSH HOST KEY FINGERPRINTS-----
<14>Jun  6 07:36:59 ec2: #############################################################
-----BEGIN SSH HOST KEY KEYS-----
ecdsa-sha2-nistp256 AAAAE2VjZHNhLXNoYTItbmlzdHAyNTYAAAAIbmlzdHAyNTYAAABBBNZfFBkXqxcLpw+J5n5p2HpB+lP4I7hgAu+NJbR5eBYxweHJmzuoKNu6Rnw2tGgCv+ZGCjdcp/j6FVI4LkZwO0E= root@ubuntu-xenial
ssh-ed25519 AAAAC3NzaC1lZDI1NTE5AAAAINpje5+qSYooJYsc6QAn6oF1RLjK+rKjw95zRUd9IS39 root@ubuntu-xenial
ssh-rsa AAAAB3NzaC1yc2EAAAADAQABAAABAQC2eq8ft/YcLF8xOy3UGT5cpsglKNoIEOyYhKddZx0Le3OBAlXcCIJ67Q1MedkfYYZmrYdqYdN9xL5rZs+Jq6q0lKH2C4CcJbrJz+kCdKLz68v0Y9TnKcrdWZ6tyE85mOmbBb4jZwwFkmf1xh303B6Uoh67krAIILgQic+U6xdjPkY9UaXKdZ1Buzo9Jk5D5KEH6aaILyogNnDJQpGQeM7RQlbng4r5Ob7hJy3wfPXvjQXKTKX6PZQJN2AYkle2jP4od+e1M6yTgin0dxUkGRH+4nY+lvDwK4WCEiSJPjlCWWjO6tdD0NGciCNMjd5BXJeCA56Q+WyUmayUuRkzL6yX root@ubuntu-xenial
-----END SSH HOST KEY KEYS-----
[   22.578506] cloud-init[1320]: Cloud-init v. 0.7.9 running 'modules:final' at Tue, 06 Jun 2017 07:36:59 +0000. Up 22.22 seconds.
[   22.664397] cloud-init[1320]: ci-info: no authorized ssh keys fingerprints found for user ubuntu.
[[0;32m  OK  [0m] Started Execute cloud user/final scripts.
[[0;32m  OK  [0m] Reached target Cloud-init target.
[   22.734868] cloud-init[1320]: Cloud-init v. 0.7.9 finished at Tue, 06 Jun 2017 07:36:59 +0000. Datasource DataSourceNoCloud [seed=/dev/sdb][dsmode=net].  Up 22.57 seconds

Ubuntu 16.04.2 LTS ubuntu-xenial ttyS0

ubuntu-xenial login: 